0 info it worked if it ends with ok
1 verbose cli [ '/usr/local/nvm/versions/node/v10.17.0/bin/node',
1 verbose cli   '/usr/local/nvm/versions/node/v10.17.0/bin/npm',
1 verbose cli   'start' ]
2 info using npm@6.14.11
3 info using node@v10.17.0
4 verbose stack Error: missing script: start
4 verbose stack     at run (/usr/local/nvm/versions/node/v10.17.0/lib/node_modules/npm/lib/run-script.js:155:19)
4 verbose stack     at /usr/local/nvm/versions/node/v10.17.0/lib/node_modules/npm/lib/run-script.js:63:5
4 verbose stack     at /usr/local/nvm/versions/node/v10.17.0/lib/node_modules/npm/node_modules/read-package-json/read-json.js:116:5
4 verbose stack     at /usr/local/nvm/versions/node/v10.17.0/lib/node_modules/npm/node_modules/read-package-json/read-json.js:436:5
4 verbose stack     at checkBinReferences_ (/usr/local/nvm/versions/node/v10.17.0/lib/node_modules/npm/node_modules/read-package-json/read-json.js:391:45)
4 verbose stack     at final (/usr/local/nvm/versions/node/v10.17.0/lib/node_modules/npm/node_modules/read-package-json/read-json.js:434:3)
4 verbose stack     at then (/usr/local/nvm/versions/node/v10.17.0/lib/node_modules/npm/node_modules/read-package-json/read-json.js:161:5)
4 verbose stack     at ReadFileContext.<anonymous> (/usr/local/nvm/versions/node/v10.17.0/lib/node_modules/npm/node_modules/read-package-json/read-json.js:350:20)
4 verbose stack     at ReadFileContext.callback (/usr/local/nvm/versions/node/v10.17.0/lib/node_modules/npm/node_modules/graceful-fs/graceful-fs.js:123:16)
4 verbose stack     at FSReqWrap.readFileAfterOpen [as oncomplete] (fs.js:237:13)
5 verbose cwd /home/emoussa/VaaS
6 verbose Linux 5.4.49+
7 verbose argv "/usr/local/nvm/versions/node/v10.17.0/bin/node" "/usr/local/nvm/versions/node/v10.17.0/bin/npm" "start"
8 verbose node v10.17.0
9 verbose npm  v6.14.11
10 error missing script: start
11 verbose exit [ 1, true ]
